<?xml version="1.0" encoding="UTF-8"?>
<!-- Generated by org.testng.reporters.JUnitReportReporter -->
<testsuite hostname="DESKTOP-V7OT0ME" failures="0" tests="1" name="basic.OpenBrowser" time="29.665" errors="0" timestamp="02 Aug 2020 08:28:52 GMT" skipped="0">
  <testcase classname="basic.OpenBrowser" name="test_BrowserOpening" time="29.665"/>
</testsuite> <!-- basic.OpenBrowser -->
